Request #1: GET /person Accept: application/json
=> Result: OK
=> HTTP Status: 200
[ {
  "idPerson" : 1,
  "firstname" : "Dexter",
  "lastname" : "Stelar",
  "birthdate" : "31/12/1944",
  "username" : "stelr",
  "email" : "random.email@gmail.com",
  "measureType" : [ {
    "value" : "1.78",
    "measure" : "height"
  }, {
    "value" : "8988",
    "measure" : "steps"
  }, {
    "value" : "72",
    "measure" : "height"
  } ]
}, {
  "idPerson" : 2,
  "firstname" : "Martin",
  "lastname" : "Haver",
  "birthdate" : "16/07/1964",
  "username" : "martin",
  "email" : "random.email@gmail.com",
  "measureType" : [ {
    "value" : "100",
    "measure" : "weight"
  }, {
    "value" : "1.65",
    "measure" : "height"
  } ]
}, {
  "idPerson" : 3,
  "firstname" : "George",
  "lastname" : "Michael",
  "birthdate" : "08/12/1959",
  "username" : "georg",
  "email" : "random.email@gmail.com",
  "measureType" : [ {
    "value" : "84",
    "measure" : "weight"
  }, {
    "value" : "1.68",
    "measure" : "height"
  } ]
}, {
  "idPerson" : 4,
  "firstname" : "Bon",
  "lastname" : "Jovi",
  "birthdate" : "09/11/1993",
  "username" : "bon",
  "email" : "random.email@gmail.com",
  "measureType" : [ {
    "value" : "1.62",
    "measure" : "height"
  } ]
}, {
  "idPerson" : 5,
  "firstname" : "Alain",
  "lastname" : "Delon",
  "birthdate" : "19/10/1985",
  "username" : "aldel",
  "email" : "random.email@gmail.com",
  "measureType" : [ {
    "value" : "94",
    "measure" : "weight"
  } ]
}, {
  "idPerson" : 6,
  "firstname" : "Matteo",
  "lastname" : "Renzi",
  "birthdate" : "31/12/1979",
  "username" : "mat",
  "email" : "random.email@gmail.com",
  "measureType" : [ {
    "value" : "57",
    "measure" : "weight"
  }, {
    "value" : "72",
    "measure" : "weight"
  } ]
}, {
  "idPerson" : 7,
  "firstname" : "Gabe",
  "lastname" : "Dog",
  "birthdate" : "31/12/1979",
  "username" : "gab",
  "email" : "random.email@gmail.com",
  "measureType" : [ {
    "value" : "1.99",
    "measure" : "height"
  }, {
    "value" : "74",
    "measure" : "weight"
  } ]
}, {
  "idPerson" : 8,
  "firstname" : "C3",
  "lastname" : "PO",
  "birthdate" : "19/10/1985",
  "username" : "C3",
  "email" : "random.email@gmail.com",
  "measureType" : [ {
    "value" : "1.79",
    "measure" : "height"
  } ]
}, {
  "idPerson" : 9,
  "firstname" : "R2",
  "lastname" : "D2",
  "birthdate" : "31/12/1944",
  "username" : "R2",
  "email" : "random.email@gmail.com",
  "measureType" : [ {
    "value" : "1.90",
    "measure" : "height"
  } ]
}, {
  "idPerson" : 10,
  "firstname" : "Master",
  "lastname" : "Yoda",
  "birthdate" : "08/12/1959",
  "username" : "yoda",
  "email" : "random.email@gmail.com",
  "measureType" : [ {
    "value" : "120",
    "measure" : "blood pressure"
  } ]
} ]
Request #2: GET /person/1 Accept: application/json
=> Result: OK
=> HTTP Status: 200
{
  "idPerson" : 1,
  "firstname" : "Dexter",
  "lastname" : "Stelar",
  "birthdate" : "31/12/1944",
  "username" : "stelr",
  "email" : "random.email@gmail.com",
  "measureType" : [ {
    "value" : "1.78",
    "measure" : "height"
  }, {
    "value" : "8988",
    "measure" : "steps"
  }, {
    "value" : "72",
    "measure" : "height"
  } ]
}
Request #3: PUT /person/1 Accept: application/json Content-Type:  application/json
=> Result: OK
=> HTTP Status: 200
{
  "idPerson" : 1,
  "firstname" : "Jon",
  "lastname" : "Stelar",
  "birthdate" : "31/12/1944",
  "username" : "stelr",
  "email" : "random.email@gmail.com",
  "measureType" : [ {
    "value" : "1.78",
    "measure" : "height"
  }, {
    "value" : "8988",
    "measure" : "steps"
  }, {
    "value" : "72",
    "measure" : "height"
  } ]
}
Request #4: POST /person Accept: application/json Content-Type:  application/json
=> Result: OK
=> HTTP Status: 200
{
  "idPerson" : 2659,
  "firstname" : "Chuck",
  "lastname" : "Norris",
  "birthdate" : "01/01/1945",
  "username" : null,
  "email" : null,
  "measureType" : [ {
    "value" : "78.9",
    "measure" : "weight"
  }, {
    "value" : "172",
    "measure" : "height"
  } ]
}
Request #5: DELETE /person/2659 Accept: application/json
=> Result: OK
=> HTTP Status: 204
null
Request #6: GET /measureTypes Accept: application/json
=> Result: OK
=> HTTP Status: 200
[ {
  "value" : "weight"
}, {
  "value" : "height"
}, {
  "value" : "steps"
}, {
  "value" : "blood pressure"
}, {
  "value" : "heart rate"
}, {
  "value" : "bmi"
} ]
Request #7: GET /person/1/height Accept: application/json
=> Result: OK
=> HTTP Status: 200
[ {
  "value" : "82",
  "measureDefinition" : {
    "value" : "height"
  },
  "mid" : 4,
  "created" : "2015-07-06T22:00:00.000Z"
}, {
  "value" : "72",
  "measureDefinition" : {
    "value" : "height"
  },
  "mid" : 16,
  "created" : "2015-07-06T22:00:00.000Z"
}, {
  "value" : "1.73",
  "measureDefinition" : {
    "value" : "height"
  },
  "mid" : 17,
  "created" : "2015-07-06T22:00:00.000Z"
}, {
  "value" : "70",
  "measureDefinition" : {
    "value" : "height"
  },
  "mid" : 1656
} ]
Request #8: GET /person/1/height/4 Accept: application/json
=> Result: OK
=> HTTP Status: 200
{
  "value" : "82",
  "measureDefinition" : {
    "value" : "height"
  },
  "mid" : 4,
  "created" : "2015-07-06T22:00:00.000Z"
}
Request #9: POST /person/1/height Accept: application/json Content-Type:  application/json
=> Result: OK
=> HTTP Status: 200
{
  "value" : "72",
  "measure" : "height"
}
Request #10: PUT /person/1/height/4 Accept: application/json Content-Type:  application/json
=> Result: OK
=> HTTP Status: 200
{
  "value" : "82",
  "measureDefinition" : {
    "value" : "height"
  },
  "mid" : 4,
  "created" : "2015-07-06T22:00:00.000Z"
}
Request #11: GET /person/1/weight?before=20-11-2016&after=10-11-1990 Accept: application/json
=> Result: OK
=> HTTP Status: 200
[ {
  "value" : "90",
  "measureDefinition" : {
    "value" : "weight"
  },
  "mid" : 1,
  "created" : "2016-11-15T23:00:00.000Z"
}, {
  "value" : "85",
  "measureDefinition" : {
    "value" : "weight"
  },
  "mid" : 2,
  "created" : "2016-11-15T23:00:00.000Z"
}, {
  "value" : "80",
  "measureDefinition" : {
    "value" : "weight"
  },
  "mid" : 3,
  "created" : "2015-06-14T22:00:00.000Z"
} ]
Request #12: GET /person?measureType=weight&max=95&min=85 Accept: application/json
=> Result: OK
=> HTTP Status: 200
[ {
  "idPerson" : 5,
  "firstname" : "Alain",
  "lastname" : "Delon",
  "birthdate" : "19/10/1985",
  "username" : "aldel",
  "email" : "random.email@gmail.com",
  "measureType" : [ {
    "value" : "94",
    "measure" : "weight"
  } ]
} ]
