Request #1: GET /person Accept: application/xml
=> Result: OK
=> HTTP Status: 200
<?xml version="1.0" encoding="UTF-8"?><people>
  <person>
    <birthdate>31/12/1944</birthdate>
    <email>random.email@gmail.com</email>
    <firstname>Parov</firstname>
    <idPerson>1</idPerson>
    <lastname>Stelar</lastname>
    <healthprofile>
      <measureType>
        <measure>height</measure>
        <value>70</value>
      </measureType>
      <measureType>
        <measure>height</measure>
        <value>1.78</value>
      </measureType>
      <measureType>
        <measure>steps</measure>
        <value>8988</value>
      </measureType>
    </healthprofile>
    <username>stelr</username>
  </person>
  <person>
    <birthdate>16/07/1964</birthdate>
    <email>random.email@gmail.com</email>
    <firstname>Martin</firstname>
    <idPerson>2</idPerson>
    <lastname>Haver</lastname>
    <healthprofile>
      <measureType>
        <measure>weight</measure>
        <value>100</value>
      </measureType>
      <measureType>
        <measure>height</measure>
        <value>1.65</value>
      </measureType>
    </healthprofile>
    <username>martin</username>
  </person>
  <person>
    <birthdate>08/12/1959</birthdate>
    <email>random.email@gmail.com</email>
    <firstname>George</firstname>
    <idPerson>3</idPerson>
    <lastname>Michael</lastname>
    <healthprofile>
      <measureType>
        <measure>weight</measure>
        <value>84</value>
      </measureType>
      <measureType>
        <measure>height</measure>
        <value>1.68</value>
      </measureType>
    </healthprofile>
    <username>georg</username>
  </person>
  <person>
    <birthdate>09/11/1993</birthdate>
    <email>random.email@gmail.com</email>
    <firstname>Bon</firstname>
    <idPerson>4</idPerson>
    <lastname>Jovi</lastname>
    <healthprofile>
      <measureType>
        <measure>height</measure>
        <value>1.62</value>
      </measureType>
    </healthprofile>
    <username>bon</username>
  </person>
  <person>
    <birthdate>19/10/1985</birthdate>
    <email>random.email@gmail.com</email>
    <firstname>Alain</firstname>
    <idPerson>5</idPerson>
    <lastname>Delon</lastname>
    <healthprofile>
      <measureType>
        <measure>weight</measure>
        <value>94</value>
      </measureType>
    </healthprofile>
    <username>aldel</username>
  </person>
  <person>
    <birthdate>31/12/1979</birthdate>
    <email>random.email@gmail.com</email>
    <firstname>Matteo</firstname>
    <idPerson>6</idPerson>
    <lastname>Renzi</lastname>
    <healthprofile>
      <measureType>
        <measure>weight</measure>
        <value>57</value>
      </measureType>
      <measureType>
        <measure>weight</measure>
        <value>72</value>
      </measureType>
    </healthprofile>
    <username>mat</username>
  </person>
  <person>
    <birthdate>31/12/1979</birthdate>
    <email>random.email@gmail.com</email>
    <firstname>Gabe</firstname>
    <idPerson>7</idPerson>
    <lastname>Dog</lastname>
    <healthprofile>
      <measureType>
        <measure>height</measure>
        <value>1.99</value>
      </measureType>
      <measureType>
        <measure>weight</measure>
        <value>74</value>
      </measureType>
    </healthprofile>
    <username>gab</username>
  </person>
  <person>
    <birthdate>19/10/1985</birthdate>
    <email>random.email@gmail.com</email>
    <firstname>C3</firstname>
    <idPerson>8</idPerson>
    <lastname>PO</lastname>
    <healthprofile>
      <measureType>
        <measure>height</measure>
        <value>1.79</value>
      </measureType>
    </healthprofile>
    <username>C3</username>
  </person>
  <person>
    <birthdate>31/12/1944</birthdate>
    <email>random.email@gmail.com</email>
    <firstname>R2</firstname>
    <idPerson>9</idPerson>
    <lastname>D2</lastname>
    <healthprofile>
      <measureType>
        <measure>height</measure>
        <value>1.90</value>
      </measureType>
    </healthprofile>
    <username>R2</username>
  </person>
  <person>
    <birthdate>08/12/1959</birthdate>
    <email>random.email@gmail.com</email>
    <firstname>Master</firstname>
    <idPerson>10</idPerson>
    <lastname>Yoda</lastname>
    <healthprofile>
      <measureType>
        <measure>blood pressure</measure>
        <value>120</value>
      </measureType>
    </healthprofile>
    <username>yoda</username>
  </person>
</people>

Request #2: GET /person/1 Accept: application/xml
=> Result: OK
=> HTTP Status: 200
<?xml version="1.0" encoding="UTF-8"?><person>
  <birthdate>31/12/1944</birthdate>
  <email>random.email@gmail.com</email>
  <firstname>Parov</firstname>
  <idPerson>1</idPerson>
  <lastname>Stelar</lastname>
  <healthprofile>
    <measureType>
      <measure>height</measure>
      <value>70</value>
    </measureType>
    <measureType>
      <measure>height</measure>
      <value>1.78</value>
    </measureType>
    <measureType>
      <measure>steps</measure>
      <value>8988</value>
    </measureType>
  </healthprofile>
  <username>stelr</username>
</person>

Request #3: PUT /person/1 Accept: application/xml Content-Type:  application/xml
=> Result: OK
=> HTTP Status: 200
<?xml version="1.0" encoding="UTF-8"?><person>
  <birthdate>31/12/1944</birthdate>
  <email>random.email@gmail.com</email>
  <firstname>Dexter</firstname>
  <idPerson>1</idPerson>
  <lastname>Stelar</lastname>
  <healthprofile>
    <measureType>
      <measure>height</measure>
      <value>70</value>
    </measureType>
    <measureType>
      <measure>height</measure>
      <value>1.78</value>
    </measureType>
    <measureType>
      <measure>steps</measure>
      <value>8988</value>
    </measureType>
  </healthprofile>
  <username>stelr</username>
</person>

Request #4: POST /person Accept: application/xml Content-Type:  application/xml
=> Result: OK
=> HTTP Status: 200
<?xml version="1.0" encoding="UTF-8"?><person>
  <birthdate>01/01/1945</birthdate>
  <firstname>Chuck</firstname>
  <idPerson>2658</idPerson>
  <lastname>Norris</lastname>
  <healthprofile>
    <measureType>
      <measure>weight</measure>
      <value>78.9</value>
    </measureType>
    <measureType>
      <measure>height</measure>
      <value>172</value>
    </measureType>
  </healthprofile>
</person>

Request #5: DELETE /person/2658 Accept: application/xml
=> Result: OK
=> HTTP Status: 204
<?xml version="1.0" encoding="UTF-8" standalone="no"?>


Request #6: GET /measureTypes Accept: application/xml
=> Result: OK
=> HTTP Status: 200
<?xml version="1.0" encoding="UTF-8"?><measureDefinitions>
  <measureType>weight</measureType>
  <measureType>height</measureType>
  <measureType>steps</measureType>
  <measureType>blood pressure</measureType>
  <measureType>heart rate</measureType>
  <measureType>bmi</measureType>
</measureDefinitions>

Request #7: GET /person/1/height Accept: application/xml
=> Result: OK
=> HTTP Status: 200
<?xml version="1.0" encoding="UTF-8"?><healthMeasureHistories>
  <healthMeasureHistory>
    <mid>4</mid>
    <measureDefinition>height</measureDefinition>
    <created>2015-07-06T22:00:00.000Z</created>
    <value>72</value>
  </healthMeasureHistory>
  <healthMeasureHistory>
    <mid>16</mid>
    <measureDefinition>height</measureDefinition>
    <created>2015-07-06T22:00:00.000Z</created>
    <value>72</value>
  </healthMeasureHistory>
  <healthMeasureHistory>
    <mid>17</mid>
    <measureDefinition>height</measureDefinition>
    <created>2015-07-06T22:00:00.000Z</created>
    <value>1.73</value>
  </healthMeasureHistory>
</healthMeasureHistories>

Request #8: GET /person/1/height/4 Accept: application/xml
=> Result: OK
=> HTTP Status: 200
<?xml version="1.0" encoding="UTF-8"?><healthMeasureHistory>
  <mid>4</mid>
  <measureDefinition>height</measureDefinition>
  <created>2015-07-06T22:00:00.000Z</created>
  <value>72</value>
</healthMeasureHistory>

Request #9: POST /person/1/height Accept: application/xml Content-Type:  application/xml
=> Result: OK
=> HTTP Status: 200
<?xml version="1.0" encoding="UTF-8"?><measureType>
  <measure>height</measure>
  <value>72</value>
</measureType>

Request #10: PUT /person/1/height/4 Accept: application/xml Content-Type:  application/xml
=> Result: OK
=> HTTP Status: 200
<?xml version="1.0" encoding="UTF-8"?><healthMeasureHistory>
  <mid>4</mid>
  <measureDefinition>height</measureDefinition>
  <created>2015-07-06T22:00:00.000Z</created>
  <value>82</value>
</healthMeasureHistory>

Request #11: GET /person/1/weight?before=20-11-2016&after=10-11-1990 Accept: application/xml
=> Result: OK
=> HTTP Status: 200
<?xml version="1.0" encoding="UTF-8"?><healthMeasureHistories>
  <healthMeasureHistory>
    <mid>1</mid>
    <measureDefinition>weight</measureDefinition>
    <created>2016-11-15T23:00:00.000Z</created>
    <value>90</value>
  </healthMeasureHistory>
  <healthMeasureHistory>
    <mid>2</mid>
    <measureDefinition>weight</measureDefinition>
    <created>2016-11-15T23:00:00.000Z</created>
    <value>85</value>
  </healthMeasureHistory>
  <healthMeasureHistory>
    <mid>3</mid>
    <measureDefinition>weight</measureDefinition>
    <created>2015-06-14T22:00:00.000Z</created>
    <value>80</value>
  </healthMeasureHistory>
</healthMeasureHistories>

Request #12: GET /person?measureType=weight&max=95&min=85 Accept: application/xml
=> Result: OK
=> HTTP Status: 200
<?xml version="1.0" encoding="UTF-8"?><people>
  <person>
    <birthdate>19/10/1985</birthdate>
    <email>random.email@gmail.com</email>
    <firstname>Alain</firstname>
    <idPerson>5</idPerson>
    <lastname>Delon</lastname>
    <healthprofile>
      <measureType>
        <measure>weight</measure>
        <value>94</value>
      </measureType>
    </healthprofile>
    <username>aldel</username>
  </person>
</people>

